INFO: [VRFC 10-2263] Analyzing SystemVerilog file "C:/Users/kenge/OneDrive/Masaüstü/Lecture Notes - 3/Bilgisayar Mimarisi ve Organizasyonu/Ödev/210601077_MehmetAli_Kenger_ALU/ALU/ALU.srcs/sources_1/new/MUX2.sv" into library xil_defaultlib
INFO: [VRFC 10-311] analyzing module mux2
INFO: [VRFC 10-2263] Analyzing SystemVerilog file "C:/Users/kenge/OneDrive/Masaüstü/Lecture Notes - 3/Bilgisayar Mimarisi ve Organizasyonu/Ödev/210601077_MehmetAli_Kenger_ALU/ALU/ALU.srcs/sources_1/new/MUX4.sv" into library xil_defaultlib
INFO: [VRFC 10-311] analyzing module mux4
INFO: [VRFC 10-2263] Analyzing SystemVerilog file "C:/Users/kenge/OneDrive/Masaüstü/Lecture Notes - 3/Bilgisayar Mimarisi ve Organizasyonu/Ödev/210601077_MehmetAli_Kenger_ALU/ALU/ALU.srcs/sources_1/new/NbitFulladder.sv" into library xil_defaultlib
INFO: [VRFC 10-311] analyzing module NbitFulladder
INFO: [VRFC 10-2263] Analyzing SystemVerilog file "C:/Users/kenge/OneDrive/Masaüstü/Lecture Notes - 3/Bilgisayar Mimarisi ve Organizasyonu/Ödev/210601077_MehmetAli_Kenger_ALU/ALU/ALU.srcs/sources_1/new/and_module.sv" into library xil_defaultlib
INFO: [VRFC 10-311] analyzing module and_module
INFO: [VRFC 10-2263] Analyzing SystemVerilog file "C:/Users/kenge/OneDrive/Masaüstü/Lecture Notes - 3/Bilgisayar Mimarisi ve Organizasyonu/Ödev/210601077_MehmetAli_Kenger_ALU/ALU/ALU.srcs/sources_1/new/checkCarry.sv" into library xil_defaultlib
INFO: [VRFC 10-311] analyzing module checkCarry
INFO: [VRFC 10-2263] Analyzing SystemVerilog file "C:/Users/kenge/OneDrive/Masaüstü/Lecture Notes - 3/Bilgisayar Mimarisi ve Organizasyonu/Ödev/210601077_MehmetAli_Kenger_ALU/ALU/ALU.srcs/sources_1/new/check_one.sv" into library xil_defaultlib
INFO: [VRFC 10-311] analyzing module check_one
INFO: [VRFC 10-2263] Analyzing SystemVerilog file "C:/Users/kenge/OneDrive/Masaüstü/Lecture Notes - 3/Bilgisayar Mimarisi ve Organizasyonu/Ödev/210601077_MehmetAli_Kenger_ALU/ALU/ALU.srcs/sources_1/new/fulladder.sv" into library xil_defaultlib
INFO: [VRFC 10-311] analyzing module fulladder
INFO: [VRFC 10-2263] Analyzing SystemVerilog file "C:/Users/kenge/OneDrive/Masaüstü/Lecture Notes - 3/Bilgisayar Mimarisi ve Organizasyonu/Ödev/210601077_MehmetAli_Kenger_ALU/ALU/ALU.srcs/sources_1/new/isNegative.sv" into library xil_defaultlib
INFO: [VRFC 10-311] analyzing module isNegative
INFO: [VRFC 10-2263] Analyzing SystemVerilog file "C:/Users/kenge/OneDrive/Masaüstü/Lecture Notes - 3/Bilgisayar Mimarisi ve Organizasyonu/Ödev/210601077_MehmetAli_Kenger_ALU/ALU/ALU.srcs/sources_1/new/or_module.sv" into library xil_defaultlib
INFO: [VRFC 10-311] analyzing module or_module
INFO: [VRFC 10-2263] Analyzing SystemVerilog file "C:/Users/kenge/OneDrive/Masaüstü/Lecture Notes - 3/Bilgisayar Mimarisi ve Organizasyonu/Ödev/210601077_MehmetAli_Kenger_ALU/ALU/ALU.srcs/sources_1/new/overflow_control.sv" into library xil_defaultlib
INFO: [VRFC 10-311] analyzing module overflow_control
INFO: [VRFC 10-2263] Analyzing SystemVerilog file "C:/Users/kenge/OneDrive/Masaüstü/Lecture Notes - 3/Bilgisayar Mimarisi ve Organizasyonu/Ödev/210601077_MehmetAli_Kenger_ALU/ALU/ALU.srcs/sim_1/new/testbench.sv" into library xil_defaultlib
INFO: [VRFC 10-311] analyzing module testbench
WARNING: [VRFC 10-2938] 'b' is already implicitly declared on line 26 [C:/Users/kenge/OneDrive/Masaüstü/Lecture Notes - 3/Bilgisayar Mimarisi ve Organizasyonu/Ödev/210601077_MehmetAli_Kenger_ALU/ALU/ALU.srcs/sim_1/new/testbench.sv:87]
WARNING: [VRFC 10-2938] 'not_b' is already implicitly declared on line 27 [C:/Users/kenge/OneDrive/Masaüstü/Lecture Notes - 3/Bilgisayar Mimarisi ve Organizasyonu/Ödev/210601077_MehmetAli_Kenger_ALU/ALU/ALU.srcs/sim_1/new/testbench.sv:88]
WARNING: [VRFC 10-2938] 'aluControl' is already implicitly declared on line 57 [C:/Users/kenge/OneDrive/Masaüstü/Lecture Notes - 3/Bilgisayar Mimarisi ve Organizasyonu/Ödev/210601077_MehmetAli_Kenger_ALU/ALU/ALU.srcs/sim_1/new/testbench.sv:89]
WARNING: [VRFC 10-2938] 'mux2_output' is already implicitly declared on line 29 [C:/Users/kenge/OneDrive/Masaüstü/Lecture Notes - 3/Bilgisayar Mimarisi ve Organizasyonu/Ödev/210601077_MehmetAli_Kenger_ALU/ALU/ALU.srcs/sim_1/new/testbench.sv:90]
WARNING: [VRFC 10-2938] 'a' is already implicitly declared on line 33 [C:/Users/kenge/OneDrive/Masaüstü/Lecture Notes - 3/Bilgisayar Mimarisi ve Organizasyonu/Ödev/210601077_MehmetAli_Kenger_ALU/ALU/ALU.srcs/sim_1/new/testbench.sv:92]
WARNING: [VRFC 10-2938] 'fadder_output' is already implicitly declared on line 36 [C:/Users/kenge/OneDrive/Masaüstü/Lecture Notes - 3/Bilgisayar Mimarisi ve Organizasyonu/Ödev/210601077_MehmetAli_Kenger_ALU/ALU/ALU.srcs/sim_1/new/testbench.sv:93]
WARNING: [VRFC 10-2938] 'cout' is already implicitly declared on line 37 [C:/Users/kenge/OneDrive/Masaüstü/Lecture Notes - 3/Bilgisayar Mimarisi ve Organizasyonu/Ödev/210601077_MehmetAli_Kenger_ALU/ALU/ALU.srcs/sim_1/new/testbench.sv:94]
WARNING: [VRFC 10-2938] 'and_module_output' is already implicitly declared on line 43 [C:/Users/kenge/OneDrive/Masaüstü/Lecture Notes - 3/Bilgisayar Mimarisi ve Organizasyonu/Ödev/210601077_MehmetAli_Kenger_ALU/ALU/ALU.srcs/sim_1/new/testbench.sv:96]
WARNING: [VRFC 10-2938] 'or_module_output' is already implicitly declared on line 49 [C:/Users/kenge/OneDrive/Masaüstü/Lecture Notes - 3/Bilgisayar Mimarisi ve Organizasyonu/Ödev/210601077_MehmetAli_Kenger_ALU/ALU/ALU.srcs/sim_1/new/testbench.sv:97]
WARNING: [VRFC 10-2938] 'mux4_output' is already implicitly declared on line 58 [C:/Users/kenge/OneDrive/Masaüstü/Lecture Notes - 3/Bilgisayar Mimarisi ve Organizasyonu/Ödev/210601077_MehmetAli_Kenger_ALU/ALU/ALU.srcs/sim_1/new/testbench.sv:99]
WARNING: [VRFC 10-2938] 'allZero' is already implicitly declared on line 63 [C:/Users/kenge/OneDrive/Masaüstü/Lecture Notes - 3/Bilgisayar Mimarisi ve Organizasyonu/Ödev/210601077_MehmetAli_Kenger_ALU/ALU/ALU.srcs/sim_1/new/testbench.sv:101]
WARNING: [VRFC 10-2938] 'isNegative' is already implicitly declared on line 68 [C:/Users/kenge/OneDrive/Masaüstü/Lecture Notes - 3/Bilgisayar Mimarisi ve Organizasyonu/Ödev/210601077_MehmetAli_Kenger_ALU/ALU/ALU.srcs/sim_1/new/testbench.sv:102]
WARNING: [VRFC 10-2938] 'carry' is already implicitly declared on line 74 [C:/Users/kenge/OneDrive/Masaüstü/Lecture Notes - 3/Bilgisayar Mimarisi ve Organizasyonu/Ödev/210601077_MehmetAli_Kenger_ALU/ALU/ALU.srcs/sim_1/new/testbench.sv:103]
WARNING: [VRFC 10-2938] 'overflow' is already implicitly declared on line 83 [C:/Users/kenge/OneDrive/Masaüstü/Lecture Notes - 3/Bilgisayar Mimarisi ve Organizasyonu/Ödev/210601077_MehmetAli_Kenger_ALU/ALU/ALU.srcs/sim_1/new/testbench.sv:104]
INFO: [VRFC 10-2263] Analyzing Verilog file "C:/Users/kenge/OneDrive/Masaüstü/Lecture Notes - 3/Bilgisayar Mimarisi ve Organizasyonu/Ödev/210601077_MehmetAli_Kenger_ALU/ALU/ALU.sim/sim_1/behav/xsim/glbl.v" into library xil_defaultlib
INFO: [VRFC 10-311] analyzing module glbl
